<?xml version="1.0" encoding="UTF-8"?>
<!-- Generated by org.testng.reporters.JUnitReportReporter -->
<testsuite hostname="ZTLW95" failures="0" tests="1" name="TestCases.TakingScreenShotTestCase" time="8.465" errors="0" timestamp="2024-07-24T16:35:33 IST" skipped="0">
  <testcase classname="TestCases.TakingScreenShotTestCase" name="Login" time="8.465">
    <system-out>
      <![CDATA[Chrome Browser Open Successfully
DemoWebShop Site is Opened
Login page Was Opened
LoggedIn Successfully
Clicked On Apparel and Shoes
Clicked On Shoes
ScreenShot is Taken
LoggedOut Successfully
Browser Closed Successfully]]>
    </system-out>
  </testcase> <!-- Login -->
  <system-out>
    <![CDATA[Chrome Browser Open Successfully
DemoWebShop Site is Opened
Login page Was Opened
LoggedIn Successfully
LoggedOut Successfully
Browser Closed Successfully
Chrome Browser Open Successfully
DemoWebShop Site is Opened
Login page Was Opened
LoggedIn Successfully
Clicked On Apparel and Shoes
Clicked On Shoes
ScreenShot is Taken
LoggedOut Successfully
Browser Closed Successfully]]>
  </system-out>
</testsuite> <!-- TestCases.TakingScreenShotTestCase -->
