<?xml version="1.0" encoding="UTF-8"?>
<testng-results ignored="0" total="2" passed="2" failed="0" skipped="0">
  <reporter-output>
    <line>
      <![CDATA[Chrome Browser Open Successfully]]>
    </line>
    <line>
      <![CDATA[DemoWebShop Site is Opened]]>
    </line>
    <line>
      <![CDATA[Login page Was Opened]]>
    </line>
    <line>
      <![CDATA[LoggedIn Successfully]]>
    </line>
    <line>
      <![CDATA[LoggedOut Successfully]]>
    </line>
    <line>
      <![CDATA[Browser Closed Successfully]]>
    </line>
    <line>
      <![CDATA[Chrome Browser Open Successfully]]>
    </line>
    <line>
      <![CDATA[DemoWebShop Site is Opened]]>
    </line>
    <line>
      <![CDATA[Login page Was Opened]]>
    </line>
    <line>
      <![CDATA[LoggedIn Successfully]]>
    </line>
    <line>
      <![CDATA[Clicked On Apparel and Shoes]]>
    </line>
    <line>
      <![CDATA[Clicked On Shoes]]>
    </line>
    <line>
      <![CDATA[ScreenShot is Taken]]>
    </line>
    <line>
      <![CDATA[LoggedOut Successfully]]>
    </line>
    <line>
      <![CDATA[Browser Closed Successfully]]>
    </line>
  </reporter-output>
  <suite started-at="2024-07-24T16:35:17 IST" name="All Test Suite" finished-at="2024-07-24T16:35:32 IST" duration-ms="15413">
    <groups>
    </groups>
    <test started-at="2024-07-24T16:35:17 IST" name="C:/Users/OjasChopade/IdeaProjects/FrameworkLearn" finished-at="2024-07-24T16:35:32 IST" duration-ms="15413">
      <class name="TestCases.LoginTestCase">
        <test-method signature="Login()[pri:0, instance:TestCases.LoginTestCase@291ae]" started-at="2024-07-24T16:35:17 IST" name="Login" finished-at="2024-07-24T16:35:24 IST" duration-ms="6914" status="PASS">
          <reporter-output>
            <line>
              <![CDATA[Chrome Browser Open Successfully]]>
            </line>
            <line>
              <![CDATA[DemoWebShop Site is Opened]]>
            </line>
            <line>
              <![CDATA[Login page Was Opened]]>
            </line>
            <line>
              <![CDATA[LoggedIn Successfully]]>
            </line>
            <line>
              <![CDATA[LoggedOut Successfully]]>
            </line>
            <line>
              <![CDATA[Browser Closed Successfully]]>
            </line>
          </reporter-output>
        </test-method> <!-- Login -->
      </class> <!-- TestCases.LoginTestCase -->
      <class name="TestCases.TakingScreenShotTestCase">
        <test-method signature="Login()[pri:0, instance:TestCases.TakingScreenShotTestCase@5119fb47]" started-at="2024-07-24T16:35:24 IST" name="Login" finished-at="2024-07-24T16:35:32 IST" duration-ms="8465" status="PASS">
          <reporter-output>
            <line>
              <![CDATA[Chrome Browser Open Successfully]]>
            </line>
            <line>
              <![CDATA[DemoWebShop Site is Opened]]>
            </line>
            <line>
              <![CDATA[Login page Was Opened]]>
            </line>
            <line>
              <![CDATA[LoggedIn Successfully]]>
            </line>
            <line>
              <![CDATA[Clicked On Apparel and Shoes]]>
            </line>
            <line>
              <![CDATA[Clicked On Shoes]]>
            </line>
            <line>
              <![CDATA[ScreenShot is Taken]]>
            </line>
            <line>
              <![CDATA[LoggedOut Successfully]]>
            </line>
            <line>
              <![CDATA[Browser Closed Successfully]]>
            </line>
          </reporter-output>
        </test-method> <!-- Login -->
      </class> <!-- TestCases.TakingScreenShotTestCase -->
    </test> <!-- C:/Users/OjasChopade/IdeaProjects/FrameworkLearn -->
  </suite> <!-- All Test Suite -->
</testng-results>
